<?xml version="1.0" encoding="UTF-8"?>
<!-- Generated by org.testng.reporters.JUnitReportReporter -->
<testsuite skipped="0" hostname="DELL" name="UpdateNaukri.Framework.Naukri.com.test.U_naukri" tests="1" failures="0" timestamp="25 Dec 2017 13:44:25 GMT" time="37.023" errors="0">
  <testcase name="f" time="37.023" classname="UpdateNaukri.Framework.Naukri.com.test.U_naukri"/>
</testsuite> <!-- UpdateNaukri.Framework.Naukri.com.test.U_naukri -->
